 =====================>     TALLY 141: MESH TALLY     <=====================

 Mesh Index (1, 1)
   Total Material
     Absorption Rate                      7.5261e-05 +/- 2.98964e-05
 Mesh Index (2, 1)
   Total Material
     Absorption Rate                      9.49207e-05 +/- 2.62217e-05
 Mesh Index (3, 1)
   Total Material
     Absorption Rate                      0.000162884 +/- 4.68713e-05
 Mesh Index (4, 1)
   Total Material
     Absorption Rate                      0.000192269 +/- 5.48442e-05
 Mesh Index (5, 1)
   Total Material
     Absorption Rate                      0.00016245 +/- 5.12894e-05
 Mesh Index (6, 1)
   Total Material
     Absorption Rate                      0.000163843 +/- 4.29621e-05
 Mesh Index (7, 1)
   Total Material
     Absorption Rate                      0.000149441 +/- 3.96613e-05
 Mesh Index (8, 1)
   Total Material
     Absorption Rate                      0.000176819 +/- 4.96221e-05
 Mesh Index (9, 1)
   Total Material
     Absorption Rate                      0.000291294 +/- 4.51961e-05
 Mesh Index (10, 1)
   Total Material
     Absorption Rate                      0.00110482 +/- 0.000112421
 Mesh Index (1, 2)
   Total Material
     Absorption Rate                      0.000112849 +/- 3.5024e-05
 Mesh Index (2, 2)
   Total Material
     Absorption Rate                      0.000143302 +/- 3.95138e-05
 Mesh Index (3, 2)
   Total Material
     Absorption Rate                      0.000210942 +/- 4.30907e-05
 Mesh Index (4, 2)
   Total Material
     Absorption Rate                      0.000176514 +/- 3.72343e-05
 Mesh Index (5, 2)
   Total Material
     Absorption Rate                      0.000187787 +/- 5.10627e-05
 Mesh Index (6, 2)
   Total Material
     Absorption Rate                      0.000217808 +/- 5.22155e-05
 Mesh Index (7, 2)
   Total Material
     Absorption Rate                      9.07024e-05 +/- 2.07876e-05
 Mesh Index (8, 2)
   Total Material
     Absorption Rate                      0.000127833 +/- 4.00408e-05
 Mesh Index (9, 2)
   Total Material
     Absorption Rate                      0.000237329 +/- 3.84897e-05
 Mesh Index (10, 2)
   Total Material
     Absorption Rate                      0.00105121 +/- 0.000121907
 Mesh Index (1, 3)
   Total Material
     Absorption Rate                      0.000133496 +/- 2.53725e-05
 Mesh Index (2, 3)
   Total Material
     Absorption Rate                      0.000246276 +/- 4.7937e-05
 Mesh Index (3, 3)
   Total Material
     Absorption Rate                      0.000329253 +/- 6.40564e-05
 Mesh Index (4, 3)
   Total Material
     Absorption Rate                      0.000257218 +/- 5.05221e-05
 Mesh Index (5, 3)
   Total Material
     Absorption Rate                      0.000245376 +/- 4.48399e-05
 Mesh Index (6, 3)
   Total Material
     Absorption Rate                      0.000388898 +/- 7.44771e-05
 Mesh Index (7, 3)
   Total Material
     Absorption Rate                      0.000329013 +/- 5.55664e-05
 Mesh Index (8, 3)
   Total Material
     Absorption Rate                      0.000236478 +/- 5.7783e-05
 Mesh Index (9, 3)
   Total Material
     Absorption Rate                      0.000268635 +/- 6.44531e-05
 Mesh Index (10, 3)
   Total Material
     Absorption Rate                      0.00109414 +/- 0.000115871
 Mesh Index (1, 4)
   Total Material
     Absorption Rate                      0.000207647 +/- 3.82034e-05
 Mesh Index (2, 4)
   Total Material
     Absorption Rate                      0.000333652 +/- 5.60555e-05
 Mesh Index (3, 4)
   Total Material
     Absorption Rate                      0.000428047 +/- 8.04502e-05
 Mesh Index (4, 4)
   Total Material
     Absorption Rate                      0.000449429 +/- 7.02305e-05
 Mesh Index (5, 4)
   Total Material
     Absorption Rate                      0.00041376 +/- 6.31104e-05
 Mesh Index (6, 4)
   Total Material
     Absorption Rate                      0.000356633 +/- 5.4213e-05
 Mesh Index (7, 4)
   Total Material
     Absorption Rate                      0.000386717 +/- 6.64626e-05
 Mesh Index (8, 4)
   Total Material
     Absorption Rate                      0.000522755 +/- 8.63552e-05
 Mesh Index (9, 4)
   Total Material
     Absorption Rate                      0.00057704 +/- 7.8698e-05
 Mesh Index (10, 4)
   Total Material
     Absorption Rate                      0.00107138 +/- 8.91222e-05
 Mesh Index (1, 5)
   Total Material
     Absorption Rate                      0.000460303 +/- 8.29351e-05
 Mesh Index (2, 5)
   Total Material
     Absorption Rate                      0.000436041 +/- 6.10267e-05
 Mesh Index (3, 5)
   Total Material
     Absorption Rate                      0.000555126 +/- 6.88428e-05
 Mesh Index (4, 5)
   Total Material
     Absorption Rate                      0.000574036 +/- 7.78721e-05
 Mesh Index (5, 5)
   Total Material
     Absorption Rate                      0.0004177 +/- 6.21392e-05
 Mesh Index (6, 5)
   Total Material
     Absorption Rate                      0.000686158 +/- 8.99998e-05
 Mesh Index (7, 5)
   Total Material
     Absorption Rate                      0.000684735 +/- 8.11946e-05
 Mesh Index (8, 5)
   Total Material
     Absorption Rate                      0.000571514 +/- 8.23294e-05
 Mesh Index (9, 5)
   Total Material
     Absorption Rate                      0.000537421 +/- 7.302e-05
 Mesh Index (10, 5)
   Total Material
     Absorption Rate                      0.0011607 +/- 0.000108251
 Mesh Index (1, 6)
   Total Material
     Absorption Rate                      0.00049911 +/- 6.29607e-05
 Mesh Index (2, 6)
   Total Material
     Absorption Rate                      0.000682158 +/- 9.40696e-05
 Mesh Index (3, 6)
   Total Material
     Absorption Rate                      0.000752492 +/- 9.56841e-05
 Mesh Index (4, 6)
   Total Material
     Absorption Rate                      0.000902 +/- 0.000116985
 Mesh Index (5, 6)
   Total Material
     Absorption Rate                      0.000760527 +/- 7.90588e-05
 Mesh Index (6, 6)
   Total Material
     Absorption Rate                      0.000774213 +/- 9.33965e-05
 Mesh Index (7, 6)
   Total Material
     Absorption Rate                      0.000866631 +/- 0.000121436
 Mesh Index (8, 6)
   Total Material
     Absorption Rate                      0.000669065 +/- 7.07408e-05
 Mesh Index (9, 6)
   Total Material
     Absorption Rate                      0.000797607 +/- 9.82049e-05
 Mesh Index (10, 6)
   Total Material
     Absorption Rate                      0.0011254 +/- 0.000105963
 Mesh Index (1, 7)
   Total Material
     Absorption Rate                      0.000900464 +/- 9.70539e-05
 Mesh Index (2, 7)
   Total Material
     Absorption Rate                      0.000946368 +/- 8.70656e-05
 Mesh Index (3, 7)
   Total Material
     Absorption Rate                      0.00119775 +/- 0.000110655
 Mesh Index (4, 7)
   Total Material
     Absorption Rate                      0.00107538 +/- 0.000104726
 Mesh Index (5, 7)
   Total Material
     Absorption Rate                      0.00109128 +/- 0.000100939
 Mesh Index (6, 7)
   Total Material
     Absorption Rate                      0.00108331 +/- 0.000107661
 Mesh Index (7, 7)
   Total Material
     Absorption Rate                      0.00111548 +/- 0.00011347
 Mesh Index (8, 7)
   Total Material
     Absorption Rate                      0.00116593 +/- 9.88915e-05
 Mesh Index (9, 7)
   Total Material
     Absorption Rate                      0.0010093 +/- 9.40015e-05
 Mesh Index (10, 7)
   Total Material
     Absorption Rate                      0.00128363 +/- 9.63017e-05
 Mesh Index (1, 8)
   Total Material
     Absorption Rate                      0.00123214 +/- 0.000113021
 Mesh Index (2, 8)
   Total Material
     Absorption Rate                      0.00136294 +/- 0.000118946
 Mesh Index (3, 8)
   Total Material
     Absorption Rate                      0.00151642 +/- 0.0001188
 Mesh Index (4, 8)
   Total Material
     Absorption Rate                      0.00167503 +/- 0.00015439
 Mesh Index (5, 8)
   Total Material
     Absorption Rate                      0.00160485 +/- 0.000123226
 Mesh Index (6, 8)
   Total Material
     Absorption Rate                      0.00148615 +/- 0.000124895
 Mesh Index (7, 8)
   Total Material
     Absorption Rate                      0.00148892 +/- 0.000122832
 Mesh Index (8, 8)
   Total Material
     Absorption Rate                      0.00160577 +/- 0.000144886
 Mesh Index (9, 8)
   Total Material
     Absorption Rate                      0.00172716 +/- 0.000149042
 Mesh Index (10, 8)
   Total Material
     Absorption Rate                      0.00162079 +/- 0.000158225
 Mesh Index (1, 9)
   Total Material
     Absorption Rate                      0.00159651 +/- 0.000127538
 Mesh Index (2, 9)
   Total Material
     Absorption Rate                      0.00231442 +/- 0.00016913
 Mesh Index (3, 9)
   Total Material
     Absorption Rate                      0.00201722 +/- 0.000148694
 Mesh Index (4, 9)
   Total Material
     Absorption Rate                      0.00238019 +/- 0.000148237
 Mesh Index (5, 9)
   Total Material
     Absorption Rate                      0.002396 +/- 0.000168026
 Mesh Index (6, 9)
   Total Material
     Absorption Rate                      0.00238589 +/- 0.000173091
 Mesh Index (7, 9)
   Total Material
     Absorption Rate                      0.00224822 +/- 0.000160276
 Mesh Index (8, 9)
   Total Material
     Absorption Rate                      0.00219647 +/- 0.000170324
 Mesh Index (9, 9)
   Total Material
     Absorption Rate                      0.00208895 +/- 0.000164251
 Mesh Index (10, 9)
   Total Material
     Absorption Rate                      0.00164335 +/- 0.00012506
 Mesh Index (1, 10)
   Total Material
     Absorption Rate                      0.00220261 +/- 0.000141987
 Mesh Index (2, 10)
   Total Material
     Absorption Rate                      0.00284935 +/- 0.00020186
 Mesh Index (3, 10)
   Total Material
     Absorption Rate                      0.00270711 +/- 0.000201271
 Mesh Index (4, 10)
   Total Material
     Absorption Rate                      0.00285008 +/- 0.000185991
 Mesh Index (5, 10)
   Total Material
     Absorption Rate                      0.0027757 +/- 0.000167976
 Mesh Index (6, 10)
   Total Material
     Absorption Rate                      0.00295126 +/- 0.000203157
 Mesh Index (7, 10)
   Total Material
     Absorption Rate                      0.00274875 +/- 0.000161691
 Mesh Index (8, 10)
   Total Material
     Absorption Rate                      0.00267734 +/- 0.000155081
 Mesh Index (9, 10)
   Total Material
     Absorption Rate                      0.002879 +/- 0.000160158
 Mesh Index (10, 10)
   Total Material
     Absorption Rate                      0.00228427 +/- 0.000170417
